C:\Users\Jacques\Documents\GitHub\chipcon_v2\tools\bmp2c.ex:26
true/false condition must be an ATOM 


Public & Export & Global & Local Variables

 C:\Users\Jacques\Documents\GitHub\chipcon_v2\tools\bmp2c.ex:
    fh = 4
    fo = 3
    j = 1
    c = 255
    r = 96'`'
    bits = {
             {0,0,0,0,0,0,0,0,0,0,0,0,0,0,0,0},
             {0,0,0,0,0,0,0,0,0,0,0,0,0,0,0,0},
             {0,0,0,0,0,0,0,0,0,0,0,0,0,0,0,0},
             {0,0,0,0,0,0,0,0,0,0,0,0,0,0,0,0},
             {0,0,0,0,0,0,0,0,0,0,0,0,0,0,0,0},
             {0,0,0,0,0,0,0,0,0,0,0,0,0,0,0,0},
             {0,0,0,0,0,0,0,0,0,0,0,0,0,0,0,0},
             {0,0,0,0,0,0,0,0,0,0,0,0,0,0,0,0},
             {0,0,0,0,0,0,0,0,0,0,0,0,0,0,0,0},
             {0,0,0,0,0,0,0,0,0,0,0,0,0,0,0,0},
             {0,0,0,0,0,0,0,0,0,0,0,0,0,0,0,0},
             {0,0,0,0,0,0,0,0,0,0,0,0,0,0,0,0},
             {0,0,0,0,0,0,0,0,0,0,0,0,0,0,0,0},
             {0,0,0,0,0,0,0,0,0,0,0,0,0,0,0,0},
             {0,0,0,0,0,0,0,0,0,0,0,0,0,0,0,0},
             {0,0,0,0,0,0,0,0,0,0,0,0,0,0,0,0},
             {0,0,0,0,0,0,0,0,0,0,0,0,0,0,0,0},
             {0,0,0,0,0,0,0,0,0,0,0,0,0,0,0,0},
             {0,0,0,0,0,0,0,0,0,0,0,0,0,0,0,0},
             {0,0,0,0,0,0,0,0,0,0,0,0,0,0,0,0},
             {0,0,0,0,0,0,0,0,0,0,0,0,0,0,0,0},
             {0,0,0,0,0,0,0,0,0,0,0,0,0,0,0,0},
             {0,0,0,0,0,0,0,0,0,0,0,0,0,0,0,0},
             {0,0,0,0,0,0,0,0,0,0,0,0,0,0,0,0},
             {0,0,0,0,0,0,0,0,0,0,0,0,0,0,0,0},
             {0,0,0,0,0,0,0,0,0,0,0,0,0,0,0,0},
             {0,0,0,0,0,0,0,0,0,0,0,0,0,0,0,0},
             {0,0,0,0,0,0,0,0,0,0,0,0,0,0,0,0},
             {0,0,0,0,0,0,0,0,0,0,0,0,0,0,0,0},
             {0,0,0,0,0,0,0,0,0,0,0,0,0,0,0,0},
             {0,0,0,0,0,0,0,0,0,0,0,0,0,0,0,0},
             {0,0,0,0,0,0,0,0,0,0,0,0,0,0,0,0},
             {0,0,0,0,0,0,0,0,0,0,0,0,0,0,0,0},
             {0,0,0,0,0,0,0,0,0,0,0,0,0,0,0,0},
             {0,0,0,0,0,0,0,0,0,0,0,0,0,0,0,0},
             {0,0,0,0,0,0,0,0,0,0,0,0,0,0,0,0},
             {0,0,0,0,0,0,0,0,0,0,0,0,0,0,0,0},
             {0,0,0,0,0,0,0,0,0,0,0,0,0,0,0,0},
             {0,0,0,0,0,0,0,0,0,0,0,0,0,0,0,0},
             {0,0,0,0,0,0,0,0,0,0,0,0,0,0,0,0},
             {0,0,0,0,0,0,0,0,0,0,0,0,0,0,0,0},
             {0,0,0,0,0,0,0,0,0,0,0,0,0,0,0,0},
             {0,0,0,0,0,0,0,0,0,0,0,0,0,0,0,0},
             {0,0,0,0,0,0,0,0,0,0,0,0,0,0,0,0},
             {0,0,0,0,0,0,0,0,0,0,0,0,0,0,0,0},
             {0,0,0,0,0,0,0,0,0,0,0,0,0,0,0,0},
             {0,0,0,0,0,0,0,0,0,0,0,0,0,0,0,0},
             {0,0,0,0,0,0,0,0,0,0,0,0,0,0,0,0},
             {0,0,0,0,0,0,0,0,0,0,0,0,0,0,0,0},
             {0,0,0,0,0,0,0,0,0,0,0,0,0,0,0,0},
             {0,0,0,0,0,0,0,0,0,0,0,0,0,0,0,0},
             {0,0,0,0,0,0,0,0,0,0,0,0,0,0,0,0},
             {0,0,0,0,0,0,0,0,0,0,0,0,0,0,0,0},
             {0,0,0,0,0,0,0,0,0,0,0,0,0,0,0,0},
             {0,0,0,0,0,0,0,0,0,0,0,0,0,0,0,0},
             {0,0,0,0,0,0,0,0,0,0,0,0,0,0,0,0},
             {0,0,0,0,0,0,0,0,0,0,0,0,0,0,0,0},
             {0,0,0,0,0,0,0,0,0,0,0,0,0,0,0,0},
             {0,0,0,0,0,0,0,0,0,0,0,0,0,0,0,0},
             {0,0,0,0,0,0,0,0,0,0,0,0,0,0,0,0},
             {0,0,0,0,0,0,0,0,0,0,0,0,0,0,0,0},
             {0,0,0,0,0,0,0,0,0,0,0,0,0,0,0,0},
             {0,0,0,0,0,0,0,0,0,0,0,0,0,0,0,0},
             {0,0,0,0,0,0,0,0,0,0,0,0,0,0,0,0},
             {0,0,0,0,0,0,0,0,0,0,0,0,0,0,0,0},
             {0,0,0,0,0,0,0,0,0,0,0,0,0,0,0,0},
             {0,0,0,0,0,0,0,0,0,0,0,0,0,0,0,0},
             {0,0,0,0,0,0,0,0,0,0,0,0,0,0,0,0},
             {0,0,0,0,0,0,0,0,0,0,0,0,0,0,0,0},
             {0,0,0,0,0,0,0,0,0,0,0,0,0,0,0,0},
             {0,0,0,0,0,0,0,0,0,0,0,0,0,0,0,0},
             {0,0,0,0,0,0,0,0,0,0,0,0,0,0,0,0},
             {0,0,0,0,0,0,0,0,0,0,0,0,0,0,0,0},
             {0,0,0,0,0,0,0,0,0,0,0,0,0,0,0,0},
             {0,0,0,0,0,0,0,0,0,0,0,0,0,0,0,0},
             {0,0,0,0,0,0,0,0,0,0,0,0,0,0,0,0},
             {0,0,0,0,0,0,0,0,0,0,0,0,0,0,0,0},
             {0,0,0,0,0,0,0,0,0,0,0,0,0,0,0,0},
             {0,0,0,0,0,0,0,0,0,0,0,0,0,0,0,0},
             {0,0,0,0,0,0,0,0,0,0,0,0,0,0,0,0},
             {0,0,0,0,0,0,0,0,0,0,0,0,0,0,0,0},
             {0,0,0,0,0,0,0,0,0,0,0,0,0,0,0,0},
             {0,0,0,0,0,0,0,0,0,0,0,0,0,0,0,0},
             {0,0,0,0,0,0,0,0,0,0,0,0,0,0,0,0},
             {0,0,0,0,0,0,0,0,0,0,0,0,0,0,0,0},
             {0,0,0,0,0,0,0,0,0,0,0,0,0,0,0,0},
             {0,0,0,0,0,0,0,0,0,0,0,0,0,0,0,0},
             {0,0,0,0,0,0,0,0,0,0,0,0,0,0,0,0},
             {0,0,0,0,0,0,0,0,0,0,0,0,0,0,0,0},
             {0,0,0,0,0,0,0,0,0,0,0,0,0,0,0,0},
             {0,0,0,0,0,0,0,0,0,0,0,0,0,0,0,0},
             {0,0,0,0,0,0,0,0,0,0,0,0,0,0,0,0},
             {0,0,0,0,0,0,0,0,0,0,0,0,0,0,0,0},
             {0,0,0,0,0,0,0,0,0,0,0,0,0,0,0,0},
             {0,0,0,0,0,0,0,0,0,0,0,0,0,0,0,0},
             {0,0,0,0,0,0,0,0,0,0,0,0,0,0,0,0}
           }
    i = 61'='
    i = <no value>
    k = <no value>


